This is pdfTeX, Version 3.14159265-2.6-1.40.18 (MiKTeX 2.9.6500) (preloaded format=pdflatex 2018.1.22)  12 MAY 2019 17:30
entering extended mode
**./coursework-Grigoriev.tex
(coursework-Grigoriev.tex
LaTeX2e <2017-04-15>
Babel <3.16> and hyphenation patterns for 75 language(s) loaded.
(SCWorks.cls
(C:\WithoutPermission\PortableTEX\texmfs\install\tex\latex\extsizes\extarticle.
cls
Document Class: extarticle 1996/10/08 v1.0 Non Standard LaTeX document class
(C:\WithoutPermission\PortableTEX\texmfs\install\tex\latex\extsizes\size14.clo
File: size14.clo 1999/11/11 v1.4a NON-Standard LaTeX file (size option)
) (C:\WithoutPermission\PortableTEX\texmfs\install\tex\latex\base\exscale.sty
Package: exscale 2014/09/29 v2.1h Standard LaTeX package exscale
LaTeX Font Info:    Redeclaring symbol font `largesymbols' on input line 57.
LaTeX Font Info:    Overwriting symbol font `largesymbols' in version `normal'
(Font)                  OMX/cmex/m/n --> OMX/cmex/m/n on input line 57.
LaTeX Font Info:    Overwriting symbol font `largesymbols' in version `bold'
(Font)                  OMX/cmex/m/n --> OMX/cmex/m/n on input line 57.
\big@size=\dimen102
)
\c@part=\count79
\c@section=\count80
\c@subsection=\count81
\c@subsubsection=\count82
\c@paragraph=\count83
\c@subparagraph=\count84
\c@figure=\count85
\c@table=\count86
\abovecaptionskip=\skip41
\belowcaptionskip=\skip42
\bibindent=\dimen103
)
(C:\WithoutPermission\PortableTEX\texmfs\install\tex\latex\geometry\geometry.st
y
Package: geometry 2010/09/12 v5.6 Page Geometry

(C:\WithoutPermission\PortableTEX\texmfs\install\tex\latex\graphics\keyval.sty
Package: keyval 2014/10/28 v1.15 key=value parser (DPC)
\KV@toks@=\toks14
)
(C:\WithoutPermission\PortableTEX\texmfs\install\tex\generic\oberdiek\ifpdf.sty
Package: ifpdf 2017/03/15 v3.2 Provides the ifpdf switch
)
(C:\WithoutPermission\PortableTEX\texmfs\install\tex\generic\oberdiek\ifvtex.st
y
Package: ifvtex 2016/05/16 v1.6 Detect VTeX and its facilities (HO)
Package ifvtex Info: VTeX not detected.
)
(C:\WithoutPermission\PortableTEX\texmfs\install\tex\generic\ifxetex\ifxetex.st
y
Package: ifxetex 2010/09/12 v0.6 Provides ifxetex conditional
)
\Gm@cnth=\count87
\Gm@cntv=\count88
\c@Gm@tempcnt=\count89
\Gm@bindingoffset=\dimen104
\Gm@wd@mp=\dimen105
\Gm@odd@mp=\dimen106
\Gm@even@mp=\dimen107
\Gm@layoutwidth=\dimen108
\Gm@layoutheight=\dimen109
\Gm@layouthoffset=\dimen110
\Gm@layoutvoffset=\dimen111
\Gm@dimlist=\toks15

(C:\WithoutPermission\PortableTEX\texmfs\install\tex\latex\geometry\geometry.cf
g))
(C:\WithoutPermission\PortableTEX\texmfs\install\tex\latex\setspace\setspace.st
y
Package: setspace 2011/12/19 v6.7a set line spacing
) (C:\WithoutPermission\PortableTEX\texmfs\install\tex\latex\tools\calc.sty
Package: calc 2014/10/28 v4.3 Infix arithmetic (KKT,FJ)
\calc@Acount=\count90
\calc@Bcount=\count91
\calc@Adimen=\dimen112
\calc@Bdimen=\dimen113
\calc@Askip=\skip43
\calc@Bskip=\skip44
LaTeX Info: Redefining \setlength on input line 80.
LaTeX Info: Redefining \addtolength on input line 81.
\calc@Ccount=\count92
\calc@Cskip=\skip45
)
(C:\WithoutPermission\PortableTEX\texmfs\install\tex\latex\titlesec\titlesec.st
y
Package: titlesec 2016/03/21 v2.10.2 Sectioning titles
\ttl@box=\box26
\beforetitleunit=\skip46
\aftertitleunit=\skip47
\ttl@plus=\dimen114
\ttl@minus=\dimen115
\ttl@toksa=\toks16
\titlewidth=\dimen116
\titlewidthlast=\dimen117
\titlewidthfirst=\dimen118
)
(C:\WithoutPermission\PortableTEX\texmfs\install\tex\latex\titlesec\titletoc.st
y
Package: titletoc 2011/12/15 v1.6 TOC entries
\ttl@leftsep=\dimen119
)
(C:\WithoutPermission\PortableTEX\texmfs\install\tex\latex\caption\caption.sty
Package: caption 2016/02/21 v3.3-144 Customizing captions (AR)

(C:\WithoutPermission\PortableTEX\texmfs\install\tex\latex\caption\caption3.sty
Package: caption3 2016/05/22 v1.7-166 caption3 kernel (AR)
Package caption3 Info: TeX engine: e-TeX on input line 67.
\captionmargin=\dimen120
\captionmargin@=\dimen121
\captionwidth=\dimen122
\caption@tempdima=\dimen123
\caption@indent=\dimen124
\caption@parindent=\dimen125
\caption@hangindent=\dimen126
)
\c@ContinuedFloat=\count93
)
(C:\WithoutPermission\PortableTEX\texmfs\install\tex\latex\enumitem\enumitem.st
y
Package: enumitem 2011/09/28 v3.5.2 Customized lists
\labelindent=\skip48
\enit@outerparindent=\dimen127
\enit@toks=\toks17
\enit@inbox=\box27
\enitdp@description=\count94
)
\tmp=\skip49

(C:\WithoutPermission\PortableTEX\texmfs\install\tex\latex\titlesec\block.tss
File: block.tss 2016/03/15
)) (C:\WithoutPermission\PortableTEX\texmfs\install\tex\latex\base\fontenc.sty
Package: fontenc 2017/04/05 v2.0i Standard LaTeX package

(C:\WithoutPermission\PortableTEX\texmfs\install\tex\latex\cyrillic\t2aenc.def
File: t2aenc.def 2005/09/27 v1.0i Cyrillic encoding definition file
)
LaTeX Font Info:    Try loading font information for T2A+cmr on input line 105.

(C:\WithoutPermission\PortableTEX\texmfs\install\tex\latex\cyrillic\t2acmr.fd
File: t2acmr.fd 2001/08/11 v1.0a Computer Modern Cyrillic font definitions
)) (C:\WithoutPermission\PortableTEX\texmfs\install\tex\latex\base\inputenc.sty
Package: inputenc 2015/03/17 v1.2c Input encoding file
\inpenc@prehook=\toks18
\inpenc@posthook=\toks19

(C:\WithoutPermission\PortableTEX\texmfs\install\tex\latex\cyrillic\cp1251.def
File: cp1251.def 2014/10/28 v1.0d Input encoding file
))
(C:\WithoutPermission\PortableTEX\texmfs\install\tex\latex\graphics\graphicx.st
y
Package: graphicx 2017/06/01 v1.1a Enhanced LaTeX Graphics (DPC,SPQR)

(C:\WithoutPermission\PortableTEX\texmfs\install\tex\latex\graphics\graphics.st
y
Package: graphics 2017/06/25 v1.2c Standard LaTeX Graphics (DPC,SPQR)
 (C:\WithoutPermission\PortableTEX\texmfs\install\tex\latex\graphics\trig.sty
Package: trig 2016/01/03 v1.10 sin cos tan (DPC)
)
(C:\WithoutPermission\PortableTEX\texmfs\install\tex\latex\graphics-cfg\graphic
s.cfg
File: graphics.cfg 2016/06/04 v1.11 sample graphics configuration
)
Package graphics Info: Driver file: pdftex.def on input line 99.

(C:\WithoutPermission\PortableTEX\texmfs\install\tex\latex\graphics-def\pdftex.
def
File: pdftex.def 2018/01/08 v1.0l Graphics/color driver for pdftex
))
\Gin@req@height=\dimen128
\Gin@req@width=\dimen129
) (C:\WithoutPermission\PortableTEX\texmfs\install\tex\latex\cite\cite.sty
LaTeX Info: Redefining \cite on input line 302.
LaTeX Info: Redefining \nocite on input line 332.
Package: cite 2015/02/27  v 5.5
)
(C:\WithoutPermission\PortableTEX\texmfs\install\tex\latex\amsmath\amsmath.sty
Package: amsmath 2017/09/02 v2.17a AMS math features
\@mathmargin=\skip50

For additional information on amsmath, use the `?' option.
(C:\WithoutPermission\PortableTEX\texmfs\install\tex\latex\amsmath\amstext.sty
Package: amstext 2000/06/29 v2.01 AMS text

(C:\WithoutPermission\PortableTEX\texmfs\install\tex\latex\amsmath\amsgen.sty
File: amsgen.sty 1999/11/30 v2.0 generic functions
\@emptytoks=\toks20
\ex@=\dimen130
)) (C:\WithoutPermission\PortableTEX\texmfs\install\tex\latex\amsmath\amsbsy.st
y
Package: amsbsy 1999/11/29 v1.2d Bold Symbols
\pmbraise@=\dimen131
) (C:\WithoutPermission\PortableTEX\texmfs\install\tex\latex\amsmath\amsopn.sty
Package: amsopn 2016/03/08 v2.02 operator names
)
\inf@bad=\count95
LaTeX Info: Redefining \frac on input line 213.
\uproot@=\count96
\leftroot@=\count97
LaTeX Info: Redefining \overline on input line 375.
\classnum@=\count98
\DOTSCASE@=\count99
LaTeX Info: Redefining \ldots on input line 472.
LaTeX Info: Redefining \dots on input line 475.
LaTeX Info: Redefining \cdots on input line 596.
\Mathstrutbox@=\box28
\strutbox@=\box29
\big@size=\dimen132
LaTeX Font Info:    Redeclaring font encoding OML on input line 712.
LaTeX Font Info:    Redeclaring font encoding OMS on input line 713.
\macc@depth=\count100
\c@MaxMatrixCols=\count101
\dotsspace@=\muskip10
\c@parentequation=\count102
\dspbrk@lvl=\count103
\tag@help=\toks21
\row@=\count104
\column@=\count105
\maxfields@=\count106
\andhelp@=\toks22
\eqnshift@=\dimen133
\alignsep@=\dimen134
\tagshift@=\dimen135
\tagwidth@=\dimen136
\totwidth@=\dimen137
\lineht@=\dimen138
\@envbody=\toks23
\multlinegap=\skip51
\multlinetaggap=\skip52
\mathdisplay@stack=\toks24
LaTeX Info: Redefining \[ on input line 2817.
LaTeX Info: Redefining \] on input line 2818.
)
(C:\WithoutPermission\PortableTEX\texmfs\install\tex\latex\amsfonts\amssymb.sty
Package: amssymb 2013/01/14 v3.01 AMS font symbols

(C:\WithoutPermission\PortableTEX\texmfs\install\tex\latex\amsfonts\amsfonts.st
y
Package: amsfonts 2013/01/14 v3.01 Basic AMSFonts support
\symAMSa=\mathgroup4
\symAMSb=\mathgroup5
LaTeX Font Info:    Overwriting math alphabet `\mathfrak' in version `bold'
(Font)                  U/euf/m/n --> U/euf/b/n on input line 106.
))
(C:\WithoutPermission\PortableTEX\texmfs\install\tex\latex\amscls\amsthm.sty
Package: amsthm 2017/10/31 v2.20.4
\thm@style=\toks25
\thm@bodyfont=\toks26
\thm@headfont=\toks27
\thm@notefont=\toks28
\thm@headpunct=\toks29
\thm@preskip=\skip53
\thm@postskip=\skip54
\thm@headsep=\skip55
\dth@everypar=\toks30
)
(C:\WithoutPermission\PortableTEX\texmfs\install\tex\latex\fancyvrb\fancyvrb.st
y
Package: fancyvrb 2008/02/07

Style option: `fancyvrb' v2.7a, with DG/SPQR fixes, and firstline=lastline fix 
<2008/02/07> (tvz)
\FV@CodeLineNo=\count107
\FV@InFile=\read1
\FV@TabBox=\box30
\c@FancyVerbLine=\count108
\FV@StepNumber=\count109
\FV@OutFile=\write3
)
(C:\WithoutPermission\PortableTEX\texmfs\install\tex\latex\tools\longtable.sty
Package: longtable 2014/10/28 v4.11 Multi-page Table package (DPC)
\LTleft=\skip56
\LTright=\skip57
\LTpre=\skip58
\LTpost=\skip59
\LTchunksize=\count110
\LTcapwidth=\dimen139
\LT@head=\box31
\LT@firsthead=\box32
\LT@foot=\box33
\LT@lastfoot=\box34
\LT@cols=\count111
\LT@rows=\count112
\c@LT@tables=\count113
\c@LT@chunks=\count114
\LT@p@ftn=\toks31
) (C:\WithoutPermission\PortableTEX\texmfs\install\tex\latex\tools\array.sty
Package: array 2016/10/06 v2.4d Tabular extension package (FMi)
\col@sep=\dimen140
\extrarowheight=\dimen141
\NC@list=\toks32
\extratabsurround=\skip60
\backup@length=\skip61
)
(C:\WithoutPermission\PortableTEX\texmfs\install\tex\latex\xcolor\xcolor.sty
Package: xcolor 2016/05/11 v2.12 LaTeX color extensions (UK)

(C:\WithoutPermission\PortableTEX\texmfs\install\tex\latex\graphics-cfg\color.c
fg
File: color.cfg 2016/01/02 v1.6 sample color configuration
)
Package xcolor Info: Driver file: pdftex.def on input line 225.
Package xcolor Info: Model `cmy' substituted by `cmy0' on input line 1348.
Package xcolor Info: Model `hsb' substituted by `rgb' on input line 1352.
Package xcolor Info: Model `RGB' extended on input line 1364.
Package xcolor Info: Model `HTML' substituted by `rgb' on input line 1366.
Package xcolor Info: Model `Hsb' substituted by `hsb' on input line 1367.
Package xcolor Info: Model `tHsb' substituted by `hsb' on input line 1368.
Package xcolor Info: Model `HSB' substituted by `hsb' on input line 1369.
Package xcolor Info: Model `Gray' substituted by `gray' on input line 1370.
Package xcolor Info: Model `wave' substituted by `hsb' on input line 1371.
)
(C:\WithoutPermission\PortableTEX\texmfs\install\tex\generic\babel\babel.sty
Package: babel 2018/01/04 3.16 The Babel package

(C:\WithoutPermission\PortableTEX\texmfs\install\tex\generic\babel\switch.def
File: switch.def 2018/01/04 3.16 Babel switching mechanism
)
*************************************
* Local config file bblopts.cfg used
*
(C:\WithoutPermission\PortableTEX\texmfs\install\tex\latex\arabi\bblopts.cfg
File: bblopts.cfg 2005/09/08 v0.1 add Arabic and Farsi to "declared" options of
 babel
)
(C:\WithoutPermission\PortableTEX\texmfs\install\tex\latex\babel-english\englis
h.ldf
Language: english 2017/06/06 v3.3r English support from the babel system

(C:\WithoutPermission\PortableTEX\texmfs\install\tex\generic\babel\babel.def
File: babel.def 2018/01/04 3.16 Babel common definitions

(C:\WithoutPermission\PortableTEX\texmfs\install\tex\generic\babel\switch.def
File: switch.def 2018/01/04 3.16 Babel switching mechanism
)
\babel@savecnt=\count115
\U@D=\dimen142

(C:\WithoutPermission\PortableTEX\texmfs\install\tex\generic\babel\txtbabel.def
)
\bbl@dirlevel=\count116
)
\l@canadian = a dialect from \language\l@american 
\l@australian = a dialect from \language\l@british 
\l@newzealand = a dialect from \language\l@british 
)
(C:\WithoutPermission\PortableTEX\texmfs\install\tex\latex\babel-russian\russia
nb.ldf
Language: russian 2017/08/12 1.3j Russian support for the Babel system
Package babel Info: Making " an active character on input line 120.
Package babel Info: Default for \cyrdash is provided on input line 157.
))
(C:\WithoutPermission\PortableTEX\texmfs\install\tex\latex\hyperref\hyperref.st
y
Package: hyperref 2017/03/14 v6.85a Hypertext links for LaTeX

(C:\WithoutPermission\PortableTEX\texmfs\install\tex\generic\oberdiek\hobsub-hy
perref.sty
Package: hobsub-hyperref 2016/05/16 v1.14 Bundle oberdiek, subset hyperref (HO)


(C:\WithoutPermission\PortableTEX\texmfs\install\tex\generic\oberdiek\hobsub-ge
neric.sty
Package: hobsub-generic 2016/05/16 v1.14 Bundle oberdiek, subset generic (HO)
Package: hobsub 2016/05/16 v1.14 Construct package bundles (HO)
Package: infwarerr 2016/05/16 v1.4 Providing info/warning/error messages (HO)
Package: ltxcmds 2016/05/16 v1.23 LaTeX kernel commands for general use (HO)
Package: ifluatex 2016/05/16 v1.4 Provides the ifluatex switch (HO)
Package ifluatex Info: LuaTeX not detected.
Package hobsub Info: Skipping package `ifvtex' (already loaded).
Package: intcalc 2016/05/16 v1.2 Expandable calculations with integers (HO)
Package hobsub Info: Skipping package `ifpdf' (already loaded).
Package: etexcmds 2016/05/16 v1.6 Avoid name clashes with e-TeX commands (HO)
Package etexcmds Info: Could not find \expanded.
(etexcmds)             That can mean that you are not using pdfTeX 1.50 or
(etexcmds)             that some package has redefined \expanded.
(etexcmds)             In the latter case, load this package earlier.
Package: kvsetkeys 2016/05/16 v1.17 Key value parser (HO)
Package: kvdefinekeys 2016/05/16 v1.4 Define keys (HO)
Package: pdftexcmds 2017/03/19 v0.25 Utility functions of pdfTeX for LuaTeX (HO
)
Package pdftexcmds Info: LuaTeX not detected.
Package pdftexcmds Info: \pdf@primitive is available.
Package pdftexcmds Info: \pdf@ifprimitive is available.
Package pdftexcmds Info: \pdfdraftmode found.
Package: pdfescape 2016/05/16 v1.14 Implements pdfTeX's escape features (HO)
Package: bigintcalc 2016/05/16 v1.4 Expandable calculations on big integers (HO
)
Package: bitset 2016/05/16 v1.2 Handle bit-vector datatype (HO)
Package: uniquecounter 2016/05/16 v1.3 Provide unlimited unique counter (HO)
)
Package hobsub Info: Skipping package `hobsub' (already loaded).
Package: letltxmacro 2016/05/16 v1.5 Let assignment for LaTeX macros (HO)
Package: hopatch 2016/05/16 v1.3 Wrapper for package hooks (HO)
Package: xcolor-patch 2016/05/16 xcolor patch
Package: atveryend 2016/05/16 v1.9 Hooks at the very end of document (HO)
Package atveryend Info: \enddocument detected (standard20110627).
Package: atbegshi 2016/06/09 v1.18 At begin shipout hook (HO)
Package: refcount 2016/05/16 v3.5 Data extraction from label references (HO)
Package: hycolor 2016/05/16 v1.8 Color options for hyperref/bookmark (HO)
)
(C:\WithoutPermission\PortableTEX\texmfs\install\tex\latex\oberdiek\auxhook.sty
Package: auxhook 2016/05/16 v1.4 Hooks for auxiliary files (HO)
)
(C:\WithoutPermission\PortableTEX\texmfs\install\tex\latex\oberdiek\kvoptions.s
ty
Package: kvoptions 2016/05/16 v3.12 Key value format for package options (HO)
)
\@linkdim=\dimen143
\Hy@linkcounter=\count117
\Hy@pagecounter=\count118

(C:\WithoutPermission\PortableTEX\texmfs\install\tex\latex\hyperref\pd1enc.def
File: pd1enc.def 2017/03/14 v6.85a Hyperref: PDFDocEncoding definition (HO)
)
\Hy@SavedSpaceFactor=\count119
Package hyperref Info: Option `unicode' set `true' on input line 3453.
(C:\WithoutPermission\PortableTEX\texmfs\install\tex\latex\hyperref\puenc.def
File: puenc.def 2017/03/14 v6.85a Hyperref: PDF Unicode definition (HO)
)
(C:\WithoutPermission\PortableTEX\texmfs\install\tex\latex\00miktex\hyperref.cf
g
File: hyperref.cfg 2002/06/06 v1.2 hyperref configuration of TeXLive
)
Package hyperref Info: Option `colorlinks' set `true' on input line 4374.
Package hyperref Info: Hyper figures OFF on input line 4498.
Package hyperref Info: Link nesting OFF on input line 4503.
Package hyperref Info: Hyper index ON on input line 4506.
Package hyperref Info: Plain pages OFF on input line 4513.
Package hyperref Info: Backreferencing OFF on input line 4518.
Package hyperref Info: Implicit mode ON; LaTeX internals redefined.
Package hyperref Info: Bookmarks ON on input line 4751.
\c@Hy@tempcnt=\count120
 (C:\WithoutPermission\PortableTEX\texmfs\install\tex\latex\url\url.sty
\Urlmuskip=\muskip11
Package: url 2013/09/16  ver 3.4  Verb mode for urls, etc.
)
LaTeX Info: Redefining \url on input line 5104.
\XeTeXLinkMargin=\dimen144
\Fld@menulength=\count121
\Field@Width=\dimen145
\Fld@charsize=\dimen146
Package hyperref Info: Hyper figures OFF on input line 6358.
Package hyperref Info: Link nesting OFF on input line 6363.
Package hyperref Info: Hyper index ON on input line 6366.
Package hyperref Info: backreferencing OFF on input line 6373.
Package hyperref Info: Link coloring ON on input line 6376.
Package hyperref Info: Link coloring with OCG OFF on input line 6383.
Package hyperref Info: PDF/A mode OFF on input line 6388.
LaTeX Info: Redefining \ref on input line 6428.
LaTeX Info: Redefining \pageref on input line 6432.
\Hy@abspage=\count122
\c@Item=\count123
\c@Hfootnote=\count124
)

Package hyperref Message: Driver (autodetected): hpdftex.


(C:\WithoutPermission\PortableTEX\texmfs\install\tex\latex\hyperref\hpdftex.def
File: hpdftex.def 2017/03/14 v6.85a Hyperref driver for pdfTeX
\Fld@listcount=\count125
\c@bookmark@seq@number=\count126

(C:\WithoutPermission\PortableTEX\texmfs\install\tex\latex\oberdiek\rerunfilech
eck.sty
Package: rerunfilecheck 2016/05/16 v1.8 Rerun checks for auxiliary files (HO)
Package uniquecounter Info: New unique counter `rerunfilecheck' on input line 2
82.
)
\Hy@SectionHShift=\skip62
)
\c@lem=\count127
 (coursework-Grigoriev.aux)
\openout1 = `coursework-Grigoriev.aux'.

LaTeX Font Info:    Checking defaults for OML/cmm/m/it on input line 43.
LaTeX Font Info:    ... okay on input line 43.
LaTeX Font Info:    Checking defaults for T1/cmr/m/n on input line 43.
LaTeX Font Info:    ... okay on input line 43.
LaTeX Font Info:    Checking defaults for OT1/cmr/m/n on input line 43.
LaTeX Font Info:    ... okay on input line 43.
LaTeX Font Info:    Checking defaults for OMS/cmsy/m/n on input line 43.
LaTeX Font Info:    ... okay on input line 43.
LaTeX Font Info:    Checking defaults for OMX/cmex/m/n on input line 43.
LaTeX Font Info:    ... okay on input line 43.
LaTeX Font Info:    Checking defaults for U/cmr/m/n on input line 43.
LaTeX Font Info:    ... okay on input line 43.
LaTeX Font Info:    Checking defaults for T2A/cmr/m/n on input line 43.
LaTeX Font Info:    ... okay on input line 43.
LaTeX Font Info:    Checking defaults for PD1/pdf/m/n on input line 43.
LaTeX Font Info:    ... okay on input line 43.
LaTeX Font Info:    Checking defaults for PU/pdf/m/n on input line 43.
LaTeX Font Info:    ... okay on input line 43.
LaTeX Font Info:    Try loading font information for T2A+ftm on input line 43.

(C:\WithoutPermission\PortableTEX\texmfs\localtexmf\tex\latex\pscyr\t2aftm.fd
File: t2aftm.fd 2001/03/03 v0.4c PS font definitions for T2A/TimesNewRomanPSMT/
PSCyr
)
*geometry* driver: auto-detecting
*geometry* detected driver: pdftex
*geometry* verbose mode - [ preamble ] result:
* driver: pdftex
* paper: a4paper
* layout: <same size as paper>
* layoutoffset:(h,v)=(0.0pt,0.0pt)
* modes: 
* h-part:(L,W,R)=(71.13188pt, 483.69687pt, 42.67912pt)
* v-part:(T,H,B)=(56.9055pt, 731.23584pt, 56.9055pt)
* \paperwidth=597.50787pt
* \paperheight=845.04684pt
* \textwidth=483.69687pt
* \textheight=731.23584pt
* \oddsidemargin=-1.1381pt
* \evensidemargin=-1.1381pt
* \topmargin=-15.36449pt
* \headheight=0.0pt
* \headsep=0.0pt
* \topskip=14.0pt
* \footskip=28.45274pt
* \marginparwidth=24.0pt
* \marginparsep=10.0pt
* \columnsep=10.0pt
* \skip\footins=12.0pt plus 4.0pt minus 2.0pt
* \hoffset=0.0pt
* \voffset=0.0pt
* \mag=1000
* \@twocolumnfalse
* \@twosidefalse
* \@mparswitchfalse
* \@reversemarginfalse
* (1in=72.27pt=25.4mm, 1cm=28.453pt)

Package caption Info: Begin \AtBeginDocument code.
Package caption Info: hyperref package is loaded.
Package caption Info: longtable package is loaded.

(C:\WithoutPermission\PortableTEX\texmfs\install\tex\latex\caption\ltcaption.st
y
Package: ltcaption 2013/06/09 v1.4-94 longtable captions (AR)
)
Package caption Info: End \AtBeginDocument code.

(C:\WithoutPermission\PortableTEX\texmfs\install\tex\context\base\supp-pdf.mkii
[Loading MPS to PDF converter (version 2006.09.02).]
\scratchcounter=\count128
\scratchdimen=\dimen147
\scratchbox=\box35
\nofMPsegments=\count129
\nofMParguments=\count130
\everyMPshowfont=\toks33
\MPscratchCnt=\count131
\MPscratchDim=\dimen148
\MPnumerator=\count132
\makeMPintoPDFobject=\count133
\everyMPtoPDFconversion=\toks34
)
(C:\WithoutPermission\PortableTEX\texmfs\install\tex\latex\oberdiek\epstopdf-ba
se.sty
Package: epstopdf-base 2016/05/15 v2.6 Base part for package epstopdf

(C:\WithoutPermission\PortableTEX\texmfs\install\tex\latex\oberdiek\grfext.sty
Package: grfext 2016/05/16 v1.2 Manage graphics extensions (HO)
)
Package epstopdf-base Info: Redefining graphics rule for `.eps' on input line 4
38.
Package grfext Info: Graphics extension search list:
(grfext)             [.pdf,.png,.jpg,.mps,.jpeg,.jbig2,.jb2,.PDF,.PNG,.JPG,.JPE
G,.JBIG2,.JB2,.eps]
(grfext)             \AppendGraphicsExtensions on input line 456.
)
\AtBeginShipoutBox=\box36
Package hyperref Info: Link coloring ON on input line 43.

(C:\WithoutPermission\PortableTEX\texmfs\install\tex\latex\hyperref\nameref.sty
Package: nameref 2016/05/21 v2.44 Cross-referencing by name of section

(C:\WithoutPermission\PortableTEX\texmfs\install\tex\generic\oberdiek\gettitles
tring.sty
Package: gettitlestring 2016/05/16 v1.5 Cleanup title references (HO)
)
\c@section@level=\count134
)
LaTeX Info: Redefining \ref on input line 43.
LaTeX Info: Redefining \pageref on input line 43.
LaTeX Info: Redefining \nameref on input line 43.
 (coursework-Grigoriev.out) (coursework-Grigoriev.out)
\@outlinefile=\write4
\openout4 = `coursework-Grigoriev.out'.

LaTeX Font Info:    Try loading font information for U+msa on input line 107.

(C:\WithoutPermission\PortableTEX\texmfs\install\tex\latex\amsfonts\umsa.fd
File: umsa.fd 2013/01/14 v3.01 AMS symbols A
)
LaTeX Font Info:    Try loading font information for U+msb on input line 107.

(C:\WithoutPermission\PortableTEX\texmfs\install\tex\latex\amsfonts\umsb.fd
File: umsb.fd 2013/01/14 v3.01 AMS symbols B
)
Package babel Info: Redefining russian shorthand "|
(babel)             in language  on input line 107.
Package babel Info: Redefining russian shorthand "~
(babel)             in language  on input line 107.
Package babel Info: Redefining russian shorthand "|
(babel)             in language  on input line 107.
Package babel Info: Redefining russian shorthand "~
(babel)             in language  on input line 107.

[1

{C:/WithoutPermission/PortableTEX/texmfs/data/pdftex/config/pdftex.map}]
(coursework-Grigoriev.toc
LaTeX Font Info:    Try loading font information for OT1+ftm on input line 1.

(C:\WithoutPermission\PortableTEX\texmfs\localtexmf\tex\latex\pscyr\ot1ftm.fd
File: ot1ftm.fd 2001/03/03 Fontinst v1.801 font definitions for OT1/ftm.
))
\tf@toc=\write5
\openout5 = `coursework-Grigoriev.toc'.

Package babel Info: Redefining russian shorthand "|
(babel)             in language  on input line 131.
Package babel Info: Redefining russian shorthand "~
(babel)             in language  on input line 131.
Package babel Info: Redefining russian shorthand "|
(babel)             in language  on input line 131.
Package babel Info: Redefining russian shorthand "~
(babel)             in language  on input line 131.
[2

]
Package babel Info: Redefining russian shorthand "|
(babel)             in language  on input line 131.
Package babel Info: Redefining russian shorthand "~
(babel)             in language  on input line 131.
Package babel Info: Redefining russian shorthand "|
(babel)             in language  on input line 142.
Package babel Info: Redefining russian shorthand "~
(babel)             in language  on input line 142.
Package babel Info: Redefining russian shorthand "|
(babel)             in language  on input line 142.
Package babel Info: Redefining russian shorthand "~
(babel)             in language  on input line 142.
 [3

]
Package babel Info: Redefining russian shorthand "|
(babel)             in language  on input line 142.
Package babel Info: Redefining russian shorthand "~
(babel)             in language  on input line 142.
Package babel Info: Redefining russian shorthand "|
(babel)             in language  on input line 151.
Package babel Info: Redefining russian shorthand "~
(babel)             in language  on input line 151.
<screenshots/videocard-base.png, id=91, 328.22626pt x 536.0025pt>
File: screenshots/videocard-base.png Graphic file (type png)
<use screenshots/videocard-base.png>
Package pdftex.def Info: screenshots/videocard-base.png  used on input line 157
.
(pdftex.def)             Requested size: 246.16908pt x 402.00089pt.
Package babel Info: Redefining russian shorthand "|
(babel)             in language  on input line 173.
Package babel Info: Redefining russian shorthand "~
(babel)             in language  on input line 173.
Package babel Info: Redefining russian shorthand "|
(babel)             in language  on input line 173.
Package babel Info: Redefining russian shorthand "~
(babel)             in language  on input line 173.
 [4

 <./screenshots/videocard-base.png>]
Package babel Info: Redefining russian shorthand "|
(babel)             in language  on input line 185.
Package babel Info: Redefining russian shorthand "~
(babel)             in language  on input line 185.
Package babel Info: Redefining russian shorthand "|
(babel)             in language  on input line 199.
Package babel Info: Redefining russian shorthand "~
(babel)             in language  on input line 199.
Package babel Info: Redefining russian shorthand "|
(babel)             in language  on input line 199.
Package babel Info: Redefining russian shorthand "~
(babel)             in language  on input line 199.
 [5]
LaTeX Font Info:    Try loading font information for T2A+cmtt on input line 205
.

(C:\WithoutPermission\PortableTEX\texmfs\install\tex\latex\cyrillic\t2acmtt.fd
File: t2acmtt.fd 2001/08/11 v1.0a Computer Modern Cyrillic font definitions
)
Overfull \hbox (12.57053pt too wide) in paragraph at lines 201--207
[]\T2A/ftm/m/n/14.4 Код, вы-пол-ня-ю-щий-ся па-рал-лель-но на яд-рах про-цес-со
-ра, на-зы-ва-ет-ся \T2A/ftm/bx/n/14.4 kernel\T2A/ftm/m/n/14.4 .
 []


Overfull \hbox (1.4599pt too wide) in paragraph at lines 223--225
[]\T2A/ftm/m/n/14.4 Платформа  драй-вер, мо-дель вза-и-мо-дей-ствия OpenCL и у
строй-ства. Рас-
 []

<screenshots/opencl-entities.png, id=111, 611.28375pt x 520.94624pt>
File: screenshots/opencl-entities.png Graphic file (type png)
<use screenshots/opencl-entities.png>
Package pdftex.def Info: screenshots/opencl-entities.png  used on input line 23
3.
(pdftex.def)             Requested size: 458.46169pt x 390.70872pt.

LaTeX Warning: `h' float specifier changed to `ht'.

Package babel Info: Redefining russian shorthand "|
(babel)             in language  on input line 237.
Package babel Info: Redefining russian shorthand "~
(babel)             in language  on input line 237.
Package babel Info: Redefining russian shorthand "|
(babel)             in language  on input line 237.
Package babel Info: Redefining russian shorthand "~
(babel)             in language  on input line 237.
[6]
Package babel Info: Redefining russian shorthand "|
(babel)             in language  on input line 237.
Package babel Info: Redefining russian shorthand "~
(babel)             in language  on input line 237.
Package babel Info: Redefining russian shorthand "|
(babel)             in language  on input line 237.
Package babel Info: Redefining russian shorthand "~
(babel)             in language  on input line 237.
 [7 <./screenshots/opencl-entities.png>]
Package babel Info: Redefining russian shorthand "|
(babel)             in language  on input line 237.
Package babel Info: Redefining russian shorthand "~
(babel)             in language  on input line 237.
Package babel Info: Redefining russian shorthand "|
(babel)             in language  on input line 246.
Package babel Info: Redefining russian shorthand "~
(babel)             in language  on input line 246.
Package babel Info: Redefining russian shorthand "|
(babel)             in language  on input line 278.
Package babel Info: Redefining russian shorthand "~
(babel)             in language  on input line 278.
Package babel Info: Redefining russian shorthand "|
(babel)             in language  on input line 278.
Package babel Info: Redefining russian shorthand "~
(babel)             in language  on input line 278.
 [8

]
Package babel Info: Redefining russian shorthand "|
(babel)             in language  on input line 305.
Package babel Info: Redefining russian shorthand "~
(babel)             in language  on input line 305.
Package babel Info: Redefining russian shorthand "|
(babel)             in language  on input line 305.
Package babel Info: Redefining russian shorthand "~
(babel)             in language  on input line 305.
 [9]
<screenshots/memory-res.png, id=140, 627.84563pt x 433.62pt>
File: screenshots/memory-res.png Graphic file (type png)
<use screenshots/memory-res.png>
Package pdftex.def Info: screenshots/memory-res.png  used on input line 331.
(pdftex.def)             Requested size: 470.88306pt x 325.2142pt.


LaTeX Warning: `h' float specifier changed to `ht'.

Package babel Info: Redefining russian shorthand "|
(babel)             in language  on input line 349.
Package babel Info: Redefining russian shorthand "~
(babel)             in language  on input line 349.
Package babel Info: Redefining russian shorthand "|
(babel)             in language  on input line 349.
Package babel Info: Redefining russian shorthand "~
(babel)             in language  on input line 349.
[10]
<screenshots/ndrange-selection.png, id=149, 348.1005pt x 146.7081pt>
File: screenshots/ndrange-selection.png Graphic file (type png)
<use screenshots/ndrange-selection.png>
Package pdftex.def Info: screenshots/ndrange-selection.png  used on input line 
352.
(pdftex.def)             Requested size: 348.09964pt x 146.70773pt.
Package babel Info: Redefining russian shorthand "|
(babel)             in language  on input line 357.
Package babel Info: Redefining russian shorthand "~
(babel)             in language  on input line 357.
Package babel Info: Redefining russian shorthand "|
(babel)             in language  on input line 360.
Package babel Info: Redefining russian shorthand "~
(babel)             in language  on input line 360.
Package babel Info: Redefining russian shorthand "|
(babel)             in language  on input line 360.
Package babel Info: Redefining russian shorthand "~
(babel)             in language  on input line 360.
 [11 <./screenshots/memory-res.png> <./screenshots/ndrange-selection.png>]
<screenshots/cmake.png, id=160, 432.11438pt x 462.22687pt>
File: screenshots/cmake.png Graphic file (type png)
<use screenshots/cmake.png>
Package pdftex.def Info: screenshots/cmake.png  used on input line 374.
(pdftex.def)             Requested size: 432.11331pt x 462.22574pt.


LaTeX Warning: `h' float specifier changed to `ht'.

Package babel Info: Redefining russian shorthand "|
(babel)             in language  on input line 379.
Package babel Info: Redefining russian shorthand "~
(babel)             in language  on input line 379.
Package babel Info: Redefining russian shorthand "|
(babel)             in language  on input line 383.
Package babel Info: Redefining russian shorthand "~
(babel)             in language  on input line 383.
Package babel Info: Redefining russian shorthand "|
(babel)             in language  on input line 386.
Package babel Info: Redefining russian shorthand "~
(babel)             in language  on input line 386.
Package babel Info: Redefining russian shorthand "|
(babel)             in language  on input line 391.
Package babel Info: Redefining russian shorthand "~
(babel)             in language  on input line 391.
Package babel Info: Redefining russian shorthand "|
(babel)             in language  on input line 391.
Package babel Info: Redefining russian shorthand "~
(babel)             in language  on input line 391.
[12]
Package babel Info: Redefining russian shorthand "|
(babel)             in language  on input line 394.
Package babel Info: Redefining russian shorthand "~
(babel)             in language  on input line 394.
Package babel Info: Redefining russian shorthand "|
(babel)             in language  on input line 394.
Package babel Info: Redefining russian shorthand "~
(babel)             in language  on input line 394.
 [13 <./screenshots/cmake.png>]
Package babel Info: Redefining russian shorthand "|
(babel)             in language  on input line 394.
Package babel Info: Redefining russian shorthand "~
(babel)             in language  on input line 394.
 (coursework-Grigoriev.bbl
Package babel Info: Redefining russian shorthand "|
(babel)             in language  on input line 1.
Package babel Info: Redefining russian shorthand "~
(babel)             in language  on input line 1.
Package babel Info: Redefining russian shorthand "|
(babel)             in language  on input line 1.
Package babel Info: Redefining russian shorthand "~
(babel)             in language  on input line 1.
 [14

]
Package babel Info: Redefining russian shorthand "|
(babel)             in language  on input line 1.
Package babel Info: Redefining russian shorthand "~
(babel)             in language  on input line 1.

Underfull \hbox (badness 3758) in paragraph at lines 14--18
[]\T2A/ftm/m/n/14.4 [NVIDIA's Next Gen-er-a-tion CU-DA Com-pute Ar-chi-tec-ture
: Fer-mi]. 
 []


Underfull \hbox (badness 10000) in paragraph at lines 14--18
\T2A/ftm/m/n/14.4 URL: [][]$\T2A/cmtt/m/n/14.4 https : / / www . nvidia . com /
 content / PDF / fermi _ white _ papers /
 []


Underfull \hbox (badness 4416) in paragraph at lines 33--37
[]\T2A/ftm/m/n/14.4 [Введение в Open-CL. Архитектура видеокарты].   URL: [][]$
\T2A/cmtt/m/n/14.4 https :
 []


Underfull \hbox (badness 10000) in paragraph at lines 33--37
\T2A/cmtt/m/n/14.4 / / compscicenter . ru / courses / video _ cards _ computati
on / 2018-[]autumn /
 []


Underfull \hbox (badness 1281) in paragraph at lines 40--44
[]\T2A/ftm/m/n/14.4 [Achieved Oc-cu-pan-cy].   URL: [][]$\T2A/cmtt/m/n/14.4 ht
tps : / / docs . nvidia . com / gameworks /
 []


Underfull \hbox (badness 10000) in paragraph at lines 40--44
\T2A/cmtt/m/n/14.4 content / developertools / desktop / analysis / report / cud
aexperiments /
 []

)
Package babel Info: Redefining russian shorthand "|
(babel)             in language  on input line 414.
Package babel Info: Redefining russian shorthand "~
(babel)             in language  on input line 414.
Package babel Info: Redefining russian shorthand "|
(babel)             in language  on input line 414.
Package babel Info: Redefining russian shorthand "~
(babel)             in language  on input line 414.
 [15

]
Package babel Info: Redefining russian shorthand "|
(babel)             in language  on input line 414.
Package babel Info: Redefining russian shorthand "~
(babel)             in language  on input line 414.
Package babel Info: Redefining russian shorthand "|
(babel)             in language  on input line 417.
Package babel Info: Redefining russian shorthand "~
(babel)             in language  on input line 417.
Package babel Info: Redefining russian shorthand "|
(babel)             in language  on input line 417.
Package babel Info: Redefining russian shorthand "~
(babel)             in language  on input line 417.
 [16

]
Package babel Info: Redefining russian shorthand "|
(babel)             in language  on input line 417.
Package babel Info: Redefining russian shorthand "~
(babel)             in language  on input line 417.
Package atveryend Info: Empty hook `BeforeClearDocument' on input line 423.
Package babel Info: Redefining russian shorthand "|
(babel)             in language  on input line 423.
Package babel Info: Redefining russian shorthand "~
(babel)             in language  on input line 423.
Package babel Info: Redefining russian shorthand "|
(babel)             in language  on input line 423.
Package babel Info: Redefining russian shorthand "~
(babel)             in language  on input line 423.
 [17

]
Package atveryend Info: Empty hook `AfterLastShipout' on input line 423.
 (coursework-Grigoriev.aux)
Package atveryend Info: Executing hook `AtVeryEndDocument' on input line 423.
Package atveryend Info: Executing hook `AtEndAfterFileList' on input line 423.
Package rerunfilecheck Info: File `coursework-Grigoriev.out' has not changed.
(rerunfilecheck)             Checksum: F974AD1A13391A79EB906F1FD4712D1C;3217.
Package atveryend Info: Empty hook `AtVeryVeryEnd' on input line 423.
 ) 
Here is how much of TeX's memory you used:
 13774 strings out of 493307
 200465 string characters out of 3129325
 283741 words of memory out of 3000000
 17100 multiletter control sequences out of 15000+200000
 13145 words of font info for 33 fonts, out of 3000000 for 9000
 1141 hyphenation exceptions out of 8191
 43i,7n,40p,679b,460s stack positions out of 5000i,500n,10000p,200000b,50000s
 <C:\WithoutPermission\PortableTEX\texmfs/data\fonts\pk\ljfour\lh\lh-t2a\dpi6
00\latt1440.pk>{C:/WithoutPermission/PortableTEX/texmfs/install/fonts/enc/t2/t2
a.enc}<C:/WithoutPermission/PortableTEX/texmfs/install/fonts/type1/public/amsfo
nts/cm/cmmi12.pfb><C:/WithoutPermission/PortableTEX/texmfs/install/fonts/type1/
public/amsfonts/cm/cmr12.pfb><C:/WithoutPermission/PortableTEX/texmfs/localtexm
f/fonts/type1/public/pscyr/times.pfb><C:/WithoutPermission/PortableTEX/texmfs/l
ocaltexmf/fonts/type1/public/pscyr/timesbd.pfb>
Output written on coursework-Grigoriev.pdf (17 pages, 760143 bytes).
PDF statistics:
 286 PDF objects out of 1000 (max. 8388607)
 45 named destinations out of 1000 (max. 500000)
 138 words of extra memory for PDF output out of 10000 (max. 10000000)

